<?xml version="1.0" encoding="UTF-8"?>
<!-- Generated by org.testng.reporters.JUnitReportReporter -->
<testsuite hostname="Darsh-PC" failures="0" tests="1" name="Tests.PostOperation" time="3.085" errors="0" timestamp="28 Apr 2022 16:46:04 GMT" skipped="0">
  <testcase classname="Tests.PostOperation" name="postMethod" time="3.085"/>
</testsuite> <!-- Tests.PostOperation -->
