<?xml version="1.0" encoding="UTF-8"?>
<!-- Generated by org.testng.reporters.JUnitReportReporter -->
<testsuite hostname="Darsh-PC" failures="0" tests="1" name="Tests.GetOperartion" time="4.225" errors="0" timestamp="28 Apr 2022 16:33:50 GMT" skipped="0">
  <testcase classname="Tests.GetOperartion" name="getMethod" time="4.225"/>
</testsuite> <!-- Tests.GetOperartion -->
