<?xml version="1.0" encoding="UTF-8"?>
<!-- Generated by org.testng.reporters.JUnitReportReporter -->
<testsuite hostname="Darsh-PC" failures="0" tests="4" name="Tests.PracticeJsonParse" time="1.654" errors="0" timestamp="28 Apr 2022 17:25:25 GMT" skipped="0">
  <testcase classname="Tests.PracticeJsonParse" name="printNoofCourses" time="1.273"/>
  <testcase classname="Tests.PracticeJsonParse" name="printTitle" time="0.215"/>
  <testcase classname="Tests.PracticeJsonParse" name="copiesOfRPA" time="0.005"/>
  <testcase classname="Tests.PracticeJsonParse" name="sumOfCourses" time="0.161"/>
</testsuite> <!-- Tests.PracticeJsonParse -->
