<?xml version="1.0" encoding="UTF-8"?>
<!-- Generated by org.testng.reporters.JUnitReportReporter -->
<testsuite hostname="Darsh-PC" failures="0" tests="1" name="Tests.PutOperation" time="2.798" errors="0" timestamp="28 Apr 2022 16:54:18 GMT" skipped="0">
  <testcase classname="Tests.PutOperation" name="putMethod" time="2.798"/>
</testsuite> <!-- Tests.PutOperation -->
