<?xml version="1.0" encoding="UTF-8"?>
<!-- Generated by org.testng.reporters.JUnitReportReporter -->
<testsuite hostname="Darsh-PC" failures="0" tests="1" name="Tests.DeleteOperation" time="3.245" errors="0" timestamp="28 Apr 2022 17:09:51 GMT" skipped="0">
  <testcase classname="Tests.DeleteOperation" name="deleteMethod" time="3.245"/>
</testsuite> <!-- Tests.DeleteOperation -->
